[debug] [2023-08-03T03:42:38.706Z] ----------------------------------------------------------------------
[debug] [2023-08-03T03:42:38.710Z] Command:       C:\Program Files\nodejs\node.exe C:\Users\user\AppData\Roaming\npm\node_modules\firebase-tools\lib\bin\firebase.js init
[debug] [2023-08-03T03:42:38.710Z] CLI Version:   12.4.7
[debug] [2023-08-03T03:42:38.711Z] Platform:      win32
[debug] [2023-08-03T03:42:38.711Z] Node Version:  v18.17.0
[debug] [2023-08-03T03:42:38.713Z] Time:          Thu Aug 03 2023 09:12:38 GMT+0530 (India Standard Time)
[debug] [2023-08-03T03:42:38.713Z] ----------------------------------------------------------------------
[debug] 
[debug] [2023-08-03T03:42:38.729Z] > command requires scopes: ["email","openid","https://www.googleapis.com/auth/cloudplatformprojects.readonly","https://www.googleapis.com/auth/firebase","https://www.googleapis.com/auth/cloud-platform"]
[debug] [2023-08-03T03:42:38.730Z] > authorizing via signed-in user (jatinkushwah.jobsdoor360@gmail.com)
[info] 
     ######## #### ########  ######## ########     ###     ######  ########
     ##        ##  ##     ## ##       ##     ##  ##   ##  ##       ##
     ######    ##  ########  ######   ########  #########  ######  ######
     ##        ##  ##    ##  ##       ##     ## ##     ##       ## ##
     ##       #### ##     ## ######## ########  ##     ##  ######  ########

You're about to initialize a Firebase project in this directory:

  D:\J\WEB DEV\qualitywise\qualitywise7.github.io

[info] 
=== Project Setup
[info] 
[info] First, let's associate this project directory with a Firebase project.
[info] You can create multiple project aliases by running firebase use --add, 
[info] but for now we'll just set up a default project.
[info] 
[debug] [2023-08-03T03:46:56.614Z] >>> [apiv2][query] GET https://firebase.googleapis.com/v1beta1/projects pageSize=100
[debug] [2023-08-03T03:46:57.750Z] <<< [apiv2][status] GET https://firebase.googleapis.com/v1beta1/projects 200
[debug] [2023-08-03T03:46:57.750Z] <<< [apiv2][body] GET https://firebase.googleapis.com/v1beta1/projects [omitted]
[info] i  Using project jobsdoor360-39b87 (Jobsdoor360) 
[info] 
=== Hosting Setup
[info] 
[info] Your public directory is the folder (relative to your project directory) that
[info] will contain Hosting assets to be uploaded with firebase deploy. If you
[info] have a build process for your assets, use your build's output directory.
[info] 
[info] +  Wrote public/404.html 
[debug] [2023-08-03T03:50:25.377Z] >>> [apiv2][query] GET https://www.gstatic.com/firebasejs/releases.json [none]
[debug] [2023-08-03T03:50:25.609Z] <<< [apiv2][status] GET https://www.gstatic.com/firebasejs/releases.json 200
[debug] [2023-08-03T03:50:25.610Z] <<< [apiv2][body] GET https://www.gstatic.com/firebasejs/releases.json {"current":{"version":"10.1.0","browserURL":"https://www.gstatic.com/firebasejs/10.1.0/firebase.js","packageURL":"https://www.gstatic.com/firebasejs/10.1.0/firebase.tgz"},"live":{"version":"10.1","browserURL":"https://www.gstatic.com/firebasejs/live/10.1/firebase.js","packageURL":"https://www.gstatic.com/firebasejs/live/10.1/firebase.tgz"},"components":{"analytics":"https://www.gstatic.com/firebasejs/10.1.0/firebase-analytics.js","app":"https://www.gstatic.com/firebasejs/10.1.0/firebase-app.js","app-check":"https://www.gstatic.com/firebasejs/10.1.0/firebase-app-check.js","auth":"https://www.gstatic.com/firebasejs/10.1.0/firebase-auth.js","auth/cordova":"https://www.gstatic.com/firebasejs/10.1.0/firebase-auth/cordova.js","functions":"https://www.gstatic.com/firebasejs/10.1.0/firebase-functions.js","firestore":"https://www.gstatic.com/firebasejs/10.1.0/firebase-firestore.js","firestore/lite":"https://www.gstatic.com/firebasejs/10.1.0/firebase-firestore/lite.js","installations":"https://www.gstatic.com/firebasejs/10.1.0/firebase-installations.js","storage":"https://www.gstatic.com/firebasejs/10.1.0/firebase-storage.js","performance":"https://www.gstatic.com/firebasejs/10.1.0/firebase-performance.js","remote-config":"https://www.gstatic.com/firebasejs/10.1.0/firebase-remote-config.js","messaging":"https://www.gstatic.com/firebasejs/10.1.0/firebase-messaging.js","messaging/sw":"https://www.gstatic.com/firebasejs/10.1.0/firebase-messaging/sw.js","database":"https://www.gstatic.com/firebasejs/10.1.0/firebase-database.js","firestore.memory":"https://www.gstatic.com/firebasejs/10.1.0/firebase-firestore.memory.js"}}
[info] +  Wrote public/index.html 
[info] 
[info] i  Detected a .git folder at D:\J\WEB DEV\qualitywise\qualitywise7.github.io 
[info] i  Authorizing with GitHub to upload your service account to a GitHub repository's secrets store. 
[info] 
[info] Visit this URL on this device to log in:
[info] https://github.com/login/oauth/authorize?client_id=89cf50f02ac6aaed3484&state=353147975&redirect_uri=http%3A%2F%2Flocalhost%3A9005&scope=read%3Auser%20repo%20public_repo
[info] 
[info] Waiting for authentication...
[debug] [2023-08-03T03:50:35.298Z] >>> [apiv2][query] POST https://github.com/login/oauth/access_token [none]
[debug] [2023-08-03T03:50:35.298Z] >>> [apiv2][body] POST https://github.com/login/oauth/access_token [stream]
[debug] [2023-08-03T03:50:35.811Z] <<< [apiv2][status] POST https://github.com/login/oauth/access_token 200
[debug] [2023-08-03T03:50:35.811Z] <<< [apiv2][body] POST https://github.com/login/oauth/access_token {"access_token":"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","token_type":"bearer","scope":"read:user,repo"}
[debug] [2023-08-03T03:50:35.822Z] >>> [apiv2][query] GET https://api.github.com/user [none]
[debug] [2023-08-03T03:50:36.338Z] <<< [apiv2][status] GET https://api.github.com/user 200
[debug] [2023-08-03T03:50:36.338Z] <<< [apiv2][body] GET https://api.github.com/user {"login":"Jatin-Kushwah","id":122866611,"node_id":"U_kgDOB1LLsw","avatar_url":"https://avatars.githubusercontent.com/u/122866611?v=4","gravatar_id":"","url":"https://api.github.com/users/Jatin-Kushwah","html_url":"https://github.com/Jatin-Kushwah","followers_url":"https://api.github.com/users/Jatin-Kushwah/followers","following_url":"https://api.github.com/users/Jatin-Kushwah/following{/other_user}","gists_url":"https://api.github.com/users/Jatin-Kushwah/gists{/gist_id}","starred_url":"https://api.github.com/users/Jatin-Kushwah/starred{/owner}{/repo}","subscriptions_url":"https://api.github.com/users/Jatin-Kushwah/subscriptions","organizations_url":"https://api.github.com/users/Jatin-Kushwah/orgs","repos_url":"https://api.github.com/users/Jatin-Kushwah/repos","events_url":"https://api.github.com/users/Jatin-Kushwah/events{/privacy}","received_events_url":"https://api.github.com/users/Jatin-Kushwah/received_events","type":"User","site_admin":false,"name":null,"company":null,"blog":"","location":null,"email":null,"hireable":null,"bio":null,"twitter_username":null,"public_repos":12,"public_gists":0,"followers":0,"following":0,"created_at":"2023-01-17T08:28:53Z","updated_at":"2023-07-05T06:30:06Z","private_gists":0,"total_private_repos":1,"owned_private_repos":1,"disk_usage":16056,"collaborators":0,"two_factor_authentication":false,"plan":{"name":"free","space":976562499,"collaborators":0,"private_repos":10000}}
[info] 
[info] +  Success! Logged into GitHub as Jatin-Kushwah 
[info] 
[debug] [2023-08-03T03:54:42.248Z] >>> [apiv2][query] GET https://api.github.com/repos//actions/secrets/public-key type=owner
[debug] [2023-08-03T03:54:42.692Z] <<< [apiv2][status] GET https://api.github.com/repos//actions/secrets/public-key 404
[debug] [2023-08-03T03:54:42.692Z] <<< [apiv2][body] GET https://api.github.com/repos//actions/secrets/public-key {"message":"Not Found","documentation_url":"https://docs.github.com/rest"}
[info] 
[info] 
[error] !  The provided authorization cannot be used with this repository. If this repository is in an organization, did you remember to grant access? 
[info] 
[info] i  Action required: Visit this URL to ensure access has been granted to the appropriate organization(s) for the Firebase CLI GitHub OAuth App: 
[info] https://github.com/settings/connections/applications/89cf50f02ac6aaed3484
[info] 
[debug] [2023-08-03T03:55:14.486Z] >>> [apiv2][query] GET https://api.github.com/repos/jlkj/actions/secrets/public-key type=owner
[debug] [2023-08-03T03:55:14.982Z] <<< [apiv2][status] GET https://api.github.com/repos/jlkj/actions/secrets/public-key 404
[debug] [2023-08-03T03:55:14.983Z] <<< [apiv2][body] GET https://api.github.com/repos/jlkj/actions/secrets/public-key {"message":"Not Found","documentation_url":"https://docs.github.com/rest"}
[info] 
[info] 
[error] !  The provided authorization cannot be used with this repository. If this repository is in an organization, did you remember to grant access? 
[info] 
[info] i  Action required: Visit this URL to ensure access has been granted to the appropriate organization(s) for the Firebase CLI GitHub OAuth App: 
[info] https://github.com/settings/connections/applications/89cf50f02ac6aaed3484
[info] 
[debug] [2023-08-03T03:55:18.471Z] >>> [apiv2][query] GET https://api.github.com/repos/jlkj/actions/secrets/public-key type=owner
[debug] [2023-08-03T03:55:18.905Z] <<< [apiv2][status] GET https://api.github.com/repos/jlkj/actions/secrets/public-key 404
[debug] [2023-08-03T03:55:18.906Z] <<< [apiv2][body] GET https://api.github.com/repos/jlkj/actions/secrets/public-key {"message":"Not Found","documentation_url":"https://docs.github.com/rest"}
[info] 
[info] 
[error] !  The provided authorization cannot be used with this repository. If this repository is in an organization, did you remember to grant access? 
[info] 
[info] i  Action required: Visit this URL to ensure access has been granted to the appropriate organization(s) for the Firebase CLI GitHub OAuth App: 
[info] https://github.com/settings/connections/applications/89cf50f02ac6aaed3484
[info] 
[debug] [2023-08-03T03:55:26.206Z] >>> [apiv2][query] GET https://api.github.com/repos/jlkj/fsaf/actions/secrets/public-key type=owner
[debug] [2023-08-03T03:55:26.644Z] <<< [apiv2][status] GET https://api.github.com/repos/jlkj/fsaf/actions/secrets/public-key 404
[debug] [2023-08-03T03:55:26.645Z] <<< [apiv2][body] GET https://api.github.com/repos/jlkj/fsaf/actions/secrets/public-key {"message":"Not Found","documentation_url":"https://docs.github.com/rest/actions/secrets#get-a-repository-public-key"}
[info] 
[info] 
[error] !  The provided authorization cannot be used with this repository. If this repository is in an organization, did you remember to grant access? 
[info] 
[info] i  Action required: Visit this URL to ensure access has been granted to the appropriate organization(s) for the Firebase CLI GitHub OAuth App: 
[info] https://github.com/settings/connections/applications/89cf50f02ac6aaed3484
[info] 
